<?xml version="1.0" encoding="UTF-8" ?>
<testsuite tests="11" failures="0" name="GameRunTest" time="0.364" errors="0" skipped="0">
  <properties>
[...]
</properties>
  <testcase classname="GameRunTest" name="moveOptionInRoom" time="0.323"/>
  <testcase classname="GameRunTest" name="moveOptionOnTile" time="0.012"/>
  <testcase classname="GameRunTest" name="suggestionMovesCharacterAndWeapon" time="0.002"/>
  <testcase classname="GameRunTest" name="validMove" time="0.001"/>
  <testcase classname="GameRunTest" name="ghostThroughWall" time="0.002"/>
  <testcase classname="GameRunTest" name="playerCycling" time="0.002"/>
  <testcase classname="GameRunTest" name="correctAccusationWins" time="0.002"/>
  <testcase classname="GameRunTest" name="moveOptionOnEntrance" time="0.012"/>
  <testcase classname="GameRunTest" name="boardBoundary" time="0.002"/>
  <testcase classname="GameRunTest" name="lastSurvivorWin" time="0.003"/>
  <testcase classname="GameRunTest" name="wrongAccuserOut" time="0.003"/>
</testsuite>