<?xml version="1.0" encoding="UTF-8" ?>
<testsuite tests="7" failures="0" name="InitialisationTest" time="0.008" errors="0" skipped="0">
  <properties>
[...]
</properties>
  <testcase classname="InitialisationTest" name="creatSolution" time="0"/>
  <testcase classname="InitialisationTest" name="noDuplicateCards" time="0"/>
  <testcase classname="InitialisationTest" name="validTile" time="0"/>
  <testcase classname="InitialisationTest" name="validDiceRoll" time="0.001"/>
  <testcase classname="InitialisationTest" name="dealingCards" time="0.003"/>
  <testcase classname="InitialisationTest" name="choosingCharacter" time="0.002"/>
  <testcase classname="InitialisationTest" name="numPlayers" time="0.002"/>
</testsuite>